<?xml version="1.0" encoding="UTF-8"?>
<!-- Generated by org.testng.reporters.JUnitReportReporter -->
<testsuite skipped="0" hostname="LAPTOP-5TUP006J" name="seleniumTaskTests.AutomationHotelTest" tests="2" failures="0" timestamp="20 Jun 2017 05:39:11 GMT" time="103.091" errors="0">
  <testcase name="testApp" time="38.807" classname="seleniumTaskTests.AutomationHotelTest"/>
  <testcase name="testApp" time="64.284" classname="seleniumTaskTests.AutomationHotelTest"/>
</testsuite> <!-- seleniumTaskTests.AutomationHotelTest -->
