<?xml version="1.0" encoding="UTF-8"?>
<!-- Generated by org.testng.reporters.JUnitReportReporter -->
<testsuite skipped="0" hostname="LAPTOP-5TUP006J" name="seleniumTaskTests.AutomationHotelTest" tests="2" failures="0" timestamp="18 Jun 2017 09:36:02 GMT" time="119.056" errors="0">
  <testcase name="testApp" time="31.745" classname="seleniumTaskTests.AutomationHotelTest"/>
  <testcase name="testApp" time="87.311" classname="seleniumTaskTests.AutomationHotelTest"/>
</testsuite> <!-- seleniumTaskTests.AutomationHotelTest -->
